<?xml version="1.0" encoding="UTF-8"?>

<beans xmlns="http://www.springframework.org/schema/beans"
 xmlns:xsi="http://www.w3.org/2001/XMLSchema-instance"
 xmlns:context="http://www.springframework.org/schema/context"
 xmlns:p="http://www.springframework.org/schema/p"
       xmlns:jdbc="http://www.springframework.org/schema/jdbc"
 xsi:schemaLocation="http://www.springframework.org/schema/beans http://www.springframework.org/schema/beans/spring-beans-2.0.xsd
		http://www.springframework.org/schema/context http://www.springframework.org/schema/context/spring-context.xsd">

  <bean id="dataSource"
        class="org.springframework.jdbc.datasource.DriverManagerDataSource">
    <property name="driverClassName"
              value="org.hsqldb.jdbcDriver" />
    <property name="url"
              value="jdbc:mysql://localhost:3306/spring_in_action_three_edition" />
    <property name="username" value="root" />
    <property name="password" value="root" />
  </bean>

  <bean id="txMgr" class="org.springframework.orm.hibernate3.HibernateTransactionManager"
      p:sessionFactory-ref="sessionFactory" />
  <!--<start id="bean_sessionFactory" />-->
  <bean id="sessionFactory"
        class="org.springframework.orm.hibernate4.LocalSessionFactoryBean">
    <property name="dataSource" ref="dataSource" />
    <property name="mappingResources">
      <list>
        <value>Part_2-resources/Head_06/spitter-persistence-hibernate-template/Spitter.hbm.xml</value>
      </list>
    </property>
    <property name="hibernateProperties">
      <props>
        <prop key="dialect">org.hibernate.dialect.MySQLDialect</prop>
      </props>
    </property>
  </bean>
  <!--<end id="bean_sessionFactory" />-->


</beans>
